c:\users\vchar\downloads\box2d_v2.3.0\box2d_v2.3.0\box2d\build\vs2012\bin\debug\freeglut.pdb
c:\users\vchar\downloads\box2d_v2.3.0\box2d_v2.3.0\box2d\build\vs2012\bin\debug\freeglut.idb
c:\users\vchar\downloads\box2d_v2.3.0\box2d_v2.3.0\box2d\build\vs2012\obj\x64\debug\freeglut\freeglut_font.obj
c:\users\vchar\downloads\box2d_v2.3.0\box2d_v2.3.0\box2d\build\vs2012\obj\x64\debug\freeglut\freeglut_font_data.obj
c:\users\vchar\downloads\box2d_v2.3.0\box2d_v2.3.0\box2d\build\vs2012\obj\x64\debug\freeglut\freeglut_gamemode.obj
c:\users\vchar\downloads\box2d_v2.3.0\box2d_v2.3.0\box2d\build\vs2012\obj\x64\debug\freeglut\freeglut_geometry.obj
c:\users\vchar\downloads\box2d_v2.3.0\box2d_v2.3.0\box2d\build\vs2012\obj\x64\debug\freeglut\freeglut_glutfont_definitions.obj
c:\users\vchar\downloads\box2d_v2.3.0\box2d_v2.3.0\box2d\build\vs2012\obj\x64\debug\freeglut\freeglut_init.obj
c:\users\vchar\downloads\box2d_v2.3.0\box2d_v2.3.0\box2d\build\vs2012\obj\x64\debug\freeglut\freeglut_input_devices.obj
c:\users\vchar\downloads\box2d_v2.3.0\box2d_v2.3.0\box2d\build\vs2012\obj\x64\debug\freeglut\freeglut_joystick.obj
c:\users\vchar\downloads\box2d_v2.3.0\box2d_v2.3.0\box2d\build\vs2012\obj\x64\debug\freeglut\freeglut_main.obj
c:\users\vchar\downloads\box2d_v2.3.0\box2d_v2.3.0\box2d\build\vs2012\obj\x64\debug\freeglut\freeglut_menu.obj
c:\users\vchar\downloads\box2d_v2.3.0\box2d_v2.3.0\box2d\build\vs2012\obj\x64\debug\freeglut\freeglut_misc.obj
c:\users\vchar\downloads\box2d_v2.3.0\box2d_v2.3.0\box2d\build\vs2012\obj\x64\debug\freeglut\freeglut_overlay.obj
c:\users\vchar\downloads\box2d_v2.3.0\box2d_v2.3.0\box2d\build\vs2012\obj\x64\debug\freeglut\freeglut_spaceball.obj
c:\users\vchar\downloads\box2d_v2.3.0\box2d_v2.3.0\box2d\build\vs2012\obj\x64\debug\freeglut\freeglut_state.obj
c:\users\vchar\downloads\box2d_v2.3.0\box2d_v2.3.0\box2d\build\vs2012\obj\x64\debug\freeglut\freeglut_stroke_mono_roman.obj
c:\users\vchar\downloads\box2d_v2.3.0\box2d_v2.3.0\box2d\build\vs2012\obj\x64\debug\freeglut\freeglut_stroke_roman.obj
c:\users\vchar\downloads\box2d_v2.3.0\box2d_v2.3.0\box2d\build\vs2012\obj\x64\debug\freeglut\freeglut_structure.obj
c:\users\vchar\downloads\box2d_v2.3.0\box2d_v2.3.0\box2d\build\vs2012\obj\x64\debug\freeglut\freeglut_teapot.obj
c:\users\vchar\downloads\box2d_v2.3.0\box2d_v2.3.0\box2d\build\vs2012\obj\x64\debug\freeglut\freeglut_videoresize.obj
c:\users\vchar\downloads\box2d_v2.3.0\box2d_v2.3.0\box2d\build\vs2012\obj\x64\debug\freeglut\freeglut_window.obj
c:\users\vchar\downloads\box2d_v2.3.0\box2d_v2.3.0\box2d\build\vs2012\obj\x64\debug\freeglut\freeglut_callbacks.obj
c:\users\vchar\downloads\box2d_v2.3.0\box2d_v2.3.0\box2d\build\vs2012\obj\x64\debug\freeglut\freeglut_cursor.obj
c:\users\vchar\downloads\box2d_v2.3.0\box2d_v2.3.0\box2d\build\vs2012\obj\x64\debug\freeglut\freeglut_display.obj
c:\users\vchar\downloads\box2d_v2.3.0\box2d_v2.3.0\box2d\build\vs2012\obj\x64\debug\freeglut\freeglut_ext.obj
c:\users\vchar\downloads\box2d_v2.3.0\box2d_v2.3.0\box2d\build\vs2012\bin\debug\freeglut.lib
c:\users\vchar\downloads\box2d_v2.3.0\box2d_v2.3.0\box2d\build\vs2012\obj\x64\debug\freeglut\freeglut.tlog\cl.command.1.tlog
c:\users\vchar\downloads\box2d_v2.3.0\box2d_v2.3.0\box2d\build\vs2012\obj\x64\debug\freeglut\freeglut.tlog\cl.read.1.tlog
c:\users\vchar\downloads\box2d_v2.3.0\box2d_v2.3.0\box2d\build\vs2012\obj\x64\debug\freeglut\freeglut.tlog\cl.write.1.tlog
c:\users\vchar\downloads\box2d_v2.3.0\box2d_v2.3.0\box2d\build\vs2012\obj\x64\debug\freeglut\freeglut.tlog\lib-link.read.1.tlog
c:\users\vchar\downloads\box2d_v2.3.0\box2d_v2.3.0\box2d\build\vs2012\obj\x64\debug\freeglut\freeglut.tlog\lib-link.write.1.tlog
c:\users\vchar\downloads\box2d_v2.3.0\box2d_v2.3.0\box2d\build\vs2012\obj\x64\debug\freeglut\freeglut.tlog\lib.command.1.tlog
